<?xml version="1.0" encoding="UTF-8"?>
<testsuite name="org.example.GameTest" tests="1" skipped="0" failures="0" errors="0" timestamp="2024-06-23T08:27:18" hostname="DESKTOP-95F1O9I" time="1.267">
  <properties/>
  <testcase name="testIsValidPosition_InvalidOutOfBounds()" classname="org.example.GameTest" time="1.267"/>
  <system-out><![CDATA[]]></system-out>
  <system-err><![CDATA[]]></system-err>
</testsuite>
